This file contains any messages produced by compilers while
running configure, to aid debugging if configure makes a mistake.

It was created by sscc configure 0.1, which was
generated by GNU Autoconf 2.69.  Invocation command line was

  $ ./configure --prefix=/home/tanlei/learning/deps/bin

## --------- ##
## Platform. ##
## --------- ##

hostname = tanlei
uname -m = x86_64
uname -r = 3.19.0-25-generic
uname -s = Linux
uname -v = #26~14.04.1-Ubuntu SMP Fri Jul 24 21:16:20 UTC 2015

/usr/bin/uname -p = unknown
/bin/uname -X     = unknown

/bin/arch              = unknown
/usr/bin/arch -k       = unknown
/usr/convex/getsysinfo = unknown
/usr/bin/hostinfo      = unknown
/bin/machine           = unknown
/usr/bin/oslevel       = unknown
/bin/universe          = unknown

PATH: /usr/local/sbin
PATH: /usr/local/bin
PATH: /usr/sbin
PATH: /usr/bin
PATH: /sbin
PATH: /bin
PATH: /usr/games
PATH: /usr/local/games


## ----------- ##
## Core tests. ##
## ----------- ##

configure:2294: checking for a BSD-compatible install
configure:2362: result: /usr/bin/install -c
configure:2373: checking whether build environment is sane
configure:2428: result: yes
configure:2579: checking for a thread-safe mkdir -p
configure:2618: result: /bin/mkdir -p
configure:2625: checking for gawk
configure:2655: result: no
configure:2625: checking for mawk
configure:2641: found /usr/bin/mawk
configure:2652: result: mawk
configure:2663: checking whether make sets $(MAKE)
configure:2685: result: yes
configure:2714: checking whether make supports nested variables
configure:2731: result: yes
configure:2918: checking for g++
configure:2934: found /usr/bin/g++
configure:2945: result: g++
configure:2972: checking for C++ compiler version
configure:2981: g++ --version >&5
g++ (Ubuntu 4.8.4-2ubuntu1~14.04.1) 4.8.4
Copyright (C) 2013 Free Software Foundation, Inc.
This is free software; see the source for copying conditions.  There is NO
warranty; not even for MERCHANTABILITY or FITNESS FOR A PARTICULAR PURPOSE.

configure:2992: $? = 0
configure:2981: g++ -v >&5
Using built-in specs.
COLLECT_GCC=g++
COLLECT_LTO_WRAPPER=/usr/lib/gcc/x86_64-linux-gnu/4.8/lto-wrapper
Target: x86_64-linux-gnu
Configured with: ../src/configure -v --with-pkgversion='Ubuntu 4.8.4-2ubuntu1~14.04.1' --with-bugurl=file:///usr/share/doc/gcc-4.8/README.Bugs --enable-languages=c,c++,java,go,d,fortran,objc,obj-c++ --prefix=/usr --program-suffix=-4.8 --enable-shared --enable-linker-build-id --libexecdir=/usr/lib --without-included-gettext --enable-threads=posix --with-gxx-include-dir=/usr/include/c++/4.8 --libdir=/usr/lib --enable-nls --with-sysroot=/ --enable-clocale=gnu --enable-libstdcxx-debug --enable-libstdcxx-time=yes --enable-gnu-unique-object --disable-libmudflap --enable-plugin --with-system-zlib --disable-browser-plugin --enable-java-awt=gtk --enable-gtk-cairo --with-java-home=/usr/lib/jvm/java-1.5.0-gcj-4.8-amd64/jre --enable-java-home --with-jvm-root-dir=/usr/lib/jvm/java-1.5.0-gcj-4.8-amd64 --with-jvm-jar-dir=/usr/lib/jvm-exports/java-1.5.0-gcj-4.8-amd64 --with-arch-directory=amd64 --with-ecj-jar=/usr/share/java/eclipse-ecj.jar --enable-objc-gc --enable-multiarch --disable-werror --with-arch-32=i686 --with-abi=m64 --with-multilib-list=m32,m64,mx32 --with-tune=generic --enable-checking=release --build=x86_64-linux-gnu --host=x86_64-linux-gnu --target=x86_64-linux-gnu
Thread model: posix
gcc version 4.8.4 (Ubuntu 4.8.4-2ubuntu1~14.04.1) 
configure:2992: $? = 0
configure:2981: g++ -V >&5
g++: error: unrecognized command line option '-V'
g++: fatal error: no input files
compilation terminated.
configure:2992: $? = 4
configure:2981: g++ -qversion >&5
g++: error: unrecognized command line option '-qversion'
g++: fatal error: no input files
compilation terminated.
configure:2992: $? = 4
configure:3012: checking whether the C++ compiler works
configure:3034: g++    conftest.cpp  >&5
configure:3038: $? = 0
configure:3086: result: yes
configure:3089: checking for C++ compiler default output file name
configure:3091: result: a.out
configure:3097: checking for suffix of executables
configure:3104: g++ -o conftest    conftest.cpp  >&5
configure:3108: $? = 0
configure:3130: result: 
configure:3152: checking whether we are cross compiling
configure:3160: g++ -o conftest    conftest.cpp  >&5
configure:3164: $? = 0
configure:3171: ./conftest
configure:3175: $? = 0
configure:3190: result: no
configure:3195: checking for suffix of object files
configure:3217: g++ -c   conftest.cpp >&5
configure:3221: $? = 0
configure:3242: result: o
configure:3246: checking whether we are using the GNU C++ compiler
configure:3265: g++ -c   conftest.cpp >&5
configure:3265: $? = 0
configure:3274: result: yes
configure:3283: checking whether g++ accepts -g
configure:3303: g++ -c -g  conftest.cpp >&5
configure:3303: $? = 0
configure:3344: result: yes
configure:3378: checking for style of include used by make
configure:3406: result: GNU
configure:3432: checking dependency style of g++
configure:3543: result: gcc3
configure:3587: checking build system type
configure:3601: result: x86_64-unknown-linux-gnu
configure:3621: checking host system type
configure:3634: result: x86_64-unknown-linux-gnu
configure:3675: checking how to print strings
configure:3702: result: printf
configure:3771: checking for gcc
configure:3787: found /usr/bin/gcc
configure:3798: result: gcc
configure:4027: checking for C compiler version
configure:4036: gcc --version >&5
gcc (Ubuntu 4.8.4-2ubuntu1~14.04.1) 4.8.4
Copyright (C) 2013 Free Software Foundation, Inc.
This is free software; see the source for copying conditions.  There is NO
warranty; not even for MERCHANTABILITY or FITNESS FOR A PARTICULAR PURPOSE.

configure:4047: $? = 0
configure:4036: gcc -v >&5
Using built-in specs.
COLLECT_GCC=gcc
COLLECT_LTO_WRAPPER=/usr/lib/gcc/x86_64-linux-gnu/4.8/lto-wrapper
Target: x86_64-linux-gnu
Configured with: ../src/configure -v --with-pkgversion='Ubuntu 4.8.4-2ubuntu1~14.04.1' --with-bugurl=file:///usr/share/doc/gcc-4.8/README.Bugs --enable-languages=c,c++,java,go,d,fortran,objc,obj-c++ --prefix=/usr --program-suffix=-4.8 --enable-shared --enable-linker-build-id --libexecdir=/usr/lib --without-included-gettext --enable-threads=posix --with-gxx-include-dir=/usr/include/c++/4.8 --libdir=/usr/lib --enable-nls --with-sysroot=/ --enable-clocale=gnu --enable-libstdcxx-debug --enable-libstdcxx-time=yes --enable-gnu-unique-object --disable-libmudflap --enable-plugin --with-system-zlib --disable-browser-plugin --enable-java-awt=gtk --enable-gtk-cairo --with-java-home=/usr/lib/jvm/java-1.5.0-gcj-4.8-amd64/jre --enable-java-home --with-jvm-root-dir=/usr/lib/jvm/java-1.5.0-gcj-4.8-amd64 --with-jvm-jar-dir=/usr/lib/jvm-exports/java-1.5.0-gcj-4.8-amd64 --with-arch-directory=amd64 --with-ecj-jar=/usr/share/java/eclipse-ecj.jar --enable-objc-gc --enable-multiarch --disable-werror --with-arch-32=i686 --with-abi=m64 --with-multilib-list=m32,m64,mx32 --with-tune=generic --enable-checking=release --build=x86_64-linux-gnu --host=x86_64-linux-gnu --target=x86_64-linux-gnu
Thread model: posix
gcc version 4.8.4 (Ubuntu 4.8.4-2ubuntu1~14.04.1) 
configure:4047: $? = 0
configure:4036: gcc -V >&5
gcc: error: unrecognized command line option '-V'
gcc: fatal error: no input files
compilation terminated.
configure:4047: $? = 4
configure:4036: gcc -qversion >&5
gcc: error: unrecognized command line option '-qversion'
gcc: fatal error: no input files
compilation terminated.
configure:4047: $? = 4
configure:4051: checking whether we are using the GNU C compiler
configure:4070: gcc -c   conftest.c >&5
configure:4070: $? = 0
configure:4079: result: yes
configure:4088: checking whether gcc accepts -g
configure:4108: gcc -c -g  conftest.c >&5
configure:4108: $? = 0
configure:4149: result: yes
configure:4166: checking for gcc option to accept ISO C89
configure:4229: gcc  -c -g -O2  conftest.c >&5
configure:4229: $? = 0
configure:4242: result: none needed
configure:4267: checking whether gcc understands -c and -o together
configure:4289: gcc -c conftest.c -o conftest2.o
configure:4292: $? = 0
configure:4289: gcc -c conftest.c -o conftest2.o
configure:4292: $? = 0
configure:4304: result: yes
configure:4323: checking dependency style of gcc
configure:4434: result: gcc3
configure:4449: checking for a sed that does not truncate output
configure:4513: result: /bin/sed
configure:4531: checking for grep that handles long lines and -e
configure:4589: result: /bin/grep
configure:4594: checking for egrep
configure:4656: result: /bin/grep -E
configure:4661: checking for fgrep
configure:4723: result: /bin/grep -F
configure:4758: checking for ld used by gcc
configure:4825: result: /usr/bin/ld
configure:4832: checking if the linker (/usr/bin/ld) is GNU ld
configure:4847: result: yes
configure:4859: checking for BSD- or MS-compatible name lister (nm)
configure:4908: result: /usr/bin/nm -B
configure:5038: checking the name lister (/usr/bin/nm -B) interface
configure:5045: gcc -c -g -O2  conftest.c >&5
configure:5048: /usr/bin/nm -B "conftest.o"
configure:5051: output
0000000000000000 B some_variable
configure:5058: result: BSD nm
configure:5061: checking whether ln -s works
configure:5065: result: yes
configure:5073: checking the maximum length of command line arguments
configure:5204: result: 1572864
configure:5221: checking whether the shell understands some XSI constructs
configure:5231: result: yes
configure:5235: checking whether the shell understands "+="
configure:5241: result: yes
configure:5276: checking how to convert x86_64-unknown-linux-gnu file names to x86_64-unknown-linux-gnu format
configure:5316: result: func_convert_file_noop
configure:5323: checking how to convert x86_64-unknown-linux-gnu file names to toolchain format
configure:5343: result: func_convert_file_noop
configure:5350: checking for /usr/bin/ld option to reload object files
configure:5357: result: -r
configure:5431: checking for objdump
configure:5447: found /usr/bin/objdump
configure:5458: result: objdump
configure:5490: checking how to recognize dependent libraries
configure:5688: result: pass_all
configure:5773: checking for dlltool
configure:5803: result: no
configure:5833: checking how to associate runtime and link libraries
configure:5860: result: printf %s\n
configure:5921: checking for ar
configure:5937: found /usr/bin/ar
configure:5948: result: ar
configure:5985: checking for archiver @FILE support
configure:6002: gcc -c -g -O2  conftest.c >&5
configure:6002: $? = 0
configure:6005: ar cru libconftest.a @conftest.lst >&5
configure:6008: $? = 0
configure:6013: ar cru libconftest.a @conftest.lst >&5
ar: conftest.o: No such file or directory
configure:6016: $? = 1
configure:6028: result: @
configure:6086: checking for strip
configure:6102: found /usr/bin/strip
configure:6113: result: strip
configure:6185: checking for ranlib
configure:6201: found /usr/bin/ranlib
configure:6212: result: ranlib
configure:6314: checking command to parse /usr/bin/nm -B output from gcc object
configure:6434: gcc -c -g -O2  conftest.c >&5
configure:6437: $? = 0
configure:6441: /usr/bin/nm -B conftest.o \| sed -n -e 's/^.*[ ]\([ABCDGIRSTW][ABCDGIRSTW]*\)[ ][ ]*\([_A-Za-z][_A-Za-z0-9]*\)$/\1 \2 \2/p' | sed '/ __gnu_lto/d' \> conftest.nm
configure:6444: $? = 0
configure:6510: gcc -o conftest -g -O2   conftest.c conftstm.o >&5
configure:6513: $? = 0
configure:6551: result: ok
configure:6588: checking for sysroot
configure:6618: result: no
configure:6695: gcc -c -g -O2  conftest.c >&5
configure:6698: $? = 0
configure:6887: checking for mt
configure:6903: found /bin/mt
configure:6914: result: mt
configure:6937: checking if mt is a manifest tool
configure:6943: mt '-?'
configure:6951: result: no
configure:7593: checking how to run the C preprocessor
configure:7624: gcc -E  conftest.c
configure:7624: $? = 0
configure:7638: gcc -E  conftest.c
conftest.c:11:28: fatal error: ac_nonexistent.h: No such file or directory
 #include <ac_nonexistent.h>
                            ^
compilation terminated.
configure:7638: $? = 1
configure: failed program was:
| /* confdefs.h */
| #define PACKAGE_NAME "sscc"
| #define PACKAGE_TARNAME "sscc"
| #define PACKAGE_VERSION "0.1"
| #define PACKAGE_STRING "sscc 0.1"
| #define PACKAGE_BUGREPORT ""
| #define PACKAGE_URL ""
| #define PACKAGE "sscc"
| #define VERSION "0.1"
| /* end confdefs.h.  */
| #include <ac_nonexistent.h>
configure:7663: result: gcc -E
configure:7683: gcc -E  conftest.c
configure:7683: $? = 0
configure:7697: gcc -E  conftest.c
conftest.c:11:28: fatal error: ac_nonexistent.h: No such file or directory
 #include <ac_nonexistent.h>
                            ^
compilation terminated.
configure:7697: $? = 1
configure: failed program was:
| /* confdefs.h */
| #define PACKAGE_NAME "sscc"
| #define PACKAGE_TARNAME "sscc"
| #define PACKAGE_VERSION "0.1"
| #define PACKAGE_STRING "sscc 0.1"
| #define PACKAGE_BUGREPORT ""
| #define PACKAGE_URL ""
| #define PACKAGE "sscc"
| #define VERSION "0.1"
| /* end confdefs.h.  */
| #include <ac_nonexistent.h>
configure:7726: checking for ANSI C header files
configure:7746: gcc -c -g -O2  conftest.c >&5
configure:7746: $? = 0
configure:7819: gcc -o conftest -g -O2   conftest.c  >&5
configure:7819: $? = 0
configure:7819: ./conftest
configure:7819: $? = 0
configure:7830: result: yes
configure:7843: checking for sys/types.h
configure:7843: gcc -c -g -O2  conftest.c >&5
configure:7843: $? = 0
configure:7843: result: yes
configure:7843: checking for sys/stat.h
configure:7843: gcc -c -g -O2  conftest.c >&5
configure:7843: $? = 0
configure:7843: result: yes
configure:7843: checking for stdlib.h
configure:7843: gcc -c -g -O2  conftest.c >&5
configure:7843: $? = 0
configure:7843: result: yes
configure:7843: checking for string.h
configure:7843: gcc -c -g -O2  conftest.c >&5
configure:7843: $? = 0
configure:7843: result: yes
configure:7843: checking for memory.h
configure:7843: gcc -c -g -O2  conftest.c >&5
configure:7843: $? = 0
configure:7843: result: yes
configure:7843: checking for strings.h
configure:7843: gcc -c -g -O2  conftest.c >&5
configure:7843: $? = 0
configure:7843: result: yes
configure:7843: checking for inttypes.h
configure:7843: gcc -c -g -O2  conftest.c >&5
configure:7843: $? = 0
configure:7843: result: yes
configure:7843: checking for stdint.h
configure:7843: gcc -c -g -O2  conftest.c >&5
configure:7843: $? = 0
configure:7843: result: yes
configure:7843: checking for unistd.h
configure:7843: gcc -c -g -O2  conftest.c >&5
configure:7843: $? = 0
configure:7843: result: yes
configure:7857: checking for dlfcn.h
configure:7857: gcc -c -g -O2  conftest.c >&5
configure:7857: $? = 0
configure:7857: result: yes
configure:8074: checking for objdir
configure:8089: result: .libs
configure:8356: checking if gcc supports -fno-rtti -fno-exceptions
configure:8374: gcc -c -g -O2  -fno-rtti -fno-exceptions conftest.c >&5
cc1: warning: command line option '-fno-rtti' is valid for C++/ObjC++ but not for C [enabled by default]
configure:8378: $? = 0
configure:8391: result: no
configure:8718: checking for gcc option to produce PIC
configure:8725: result: -fPIC -DPIC
configure:8733: checking if gcc PIC flag -fPIC -DPIC works
configure:8751: gcc -c -g -O2  -fPIC -DPIC -DPIC conftest.c >&5
configure:8755: $? = 0
configure:8768: result: yes
configure:8797: checking if gcc static flag -static works
configure:8825: result: yes
configure:8840: checking if gcc supports -c -o file.o
configure:8861: gcc -c -g -O2  -o out/conftest2.o conftest.c >&5
configure:8865: $? = 0
configure:8887: result: yes
configure:8895: checking if gcc supports -c -o file.o
configure:8942: result: yes
configure:8975: checking whether the gcc linker (/usr/bin/ld -m elf_x86_64) supports shared libraries
configure:10132: result: yes
configure:10169: checking whether -lc should be explicitly linked in
configure:10177: gcc -c -g -O2  conftest.c >&5
configure:10180: $? = 0
configure:10195: gcc -shared  -fPIC -DPIC conftest.o  -v -Wl,-soname -Wl,conftest -o conftest 2\>\&1 \| /bin/grep  -lc  \>/dev/null 2\>\&1
configure:10198: $? = 0
configure:10212: result: no
configure:10372: checking dynamic linker characteristics
configure:10872: gcc -o conftest -g -O2   -Wl,-rpath -Wl,/foo conftest.c  >&5
configure:10872: $? = 0
configure:11106: result: GNU/Linux ld.so
configure:11213: checking how to hardcode library paths into programs
configure:11238: result: immediate
configure:11778: checking whether stripping libraries is possible
configure:11783: result: yes
configure:11818: checking if libtool supports shared libraries
configure:11820: result: yes
configure:11823: checking whether to build shared libraries
configure:11844: result: yes
configure:11847: checking whether to build static libraries
configure:11851: result: yes
configure:11874: checking how to run the C++ preprocessor
configure:11901: g++ -E  conftest.cpp
configure:11901: $? = 0
configure:11915: g++ -E  conftest.cpp
conftest.cpp:23:28: fatal error: ac_nonexistent.h: No such file or directory
 #include <ac_nonexistent.h>
                            ^
compilation terminated.
configure:11915: $? = 1
configure: failed program was:
| /* confdefs.h */
| #define PACKAGE_NAME "sscc"
| #define PACKAGE_TARNAME "sscc"
| #define PACKAGE_VERSION "0.1"
| #define PACKAGE_STRING "sscc 0.1"
| #define PACKAGE_BUGREPORT ""
| #define PACKAGE_URL ""
| #define PACKAGE "sscc"
| #define VERSION "0.1"
| #define STDC_HEADERS 1
| #define HAVE_SYS_TYPES_H 1
| #define HAVE_SYS_STAT_H 1
| #define HAVE_STDLIB_H 1
| #define HAVE_STRING_H 1
| #define HAVE_MEMORY_H 1
| #define HAVE_STRINGS_H 1
| #define HAVE_INTTYPES_H 1
| #define HAVE_STDINT_H 1
| #define HAVE_UNISTD_H 1
| #define HAVE_DLFCN_H 1
| #define LT_OBJDIR ".libs/"
| /* end confdefs.h.  */
| #include <ac_nonexistent.h>
configure:11940: result: g++ -E
configure:11960: g++ -E  conftest.cpp
configure:11960: $? = 0
configure:11974: g++ -E  conftest.cpp
conftest.cpp:23:28: fatal error: ac_nonexistent.h: No such file or directory
 #include <ac_nonexistent.h>
                            ^
compilation terminated.
configure:11974: $? = 1
configure: failed program was:
| /* confdefs.h */
| #define PACKAGE_NAME "sscc"
| #define PACKAGE_TARNAME "sscc"
| #define PACKAGE_VERSION "0.1"
| #define PACKAGE_STRING "sscc 0.1"
| #define PACKAGE_BUGREPORT ""
| #define PACKAGE_URL ""
| #define PACKAGE "sscc"
| #define VERSION "0.1"
| #define STDC_HEADERS 1
| #define HAVE_SYS_TYPES_H 1
| #define HAVE_SYS_STAT_H 1
| #define HAVE_STDLIB_H 1
| #define HAVE_STRING_H 1
| #define HAVE_MEMORY_H 1
| #define HAVE_STRINGS_H 1
| #define HAVE_INTTYPES_H 1
| #define HAVE_STDINT_H 1
| #define HAVE_UNISTD_H 1
| #define HAVE_DLFCN_H 1
| #define LT_OBJDIR ".libs/"
| /* end confdefs.h.  */
| #include <ac_nonexistent.h>
configure:12143: checking for ld used by g++
configure:12210: result: /usr/bin/ld -m elf_x86_64
configure:12217: checking if the linker (/usr/bin/ld -m elf_x86_64) is GNU ld
configure:12232: result: yes
configure:12287: checking whether the g++ linker (/usr/bin/ld -m elf_x86_64) supports shared libraries
configure:13289: result: yes
configure:13325: g++ -c -g -O2  conftest.cpp >&5
configure:13328: $? = 0
configure:13848: checking for g++ option to produce PIC
configure:13855: result: -fPIC -DPIC
configure:13863: checking if g++ PIC flag -fPIC -DPIC works
configure:13881: g++ -c -g -O2  -fPIC -DPIC -DPIC conftest.cpp >&5
configure:13885: $? = 0
configure:13898: result: yes
configure:13921: checking if g++ static flag -static works
configure:13949: result: yes
configure:13961: checking if g++ supports -c -o file.o
configure:13982: g++ -c -g -O2  -o out/conftest2.o conftest.cpp >&5
configure:13986: $? = 0
configure:14008: result: yes
configure:14013: checking if g++ supports -c -o file.o
configure:14060: result: yes
configure:14090: checking whether the g++ linker (/usr/bin/ld -m elf_x86_64) supports shared libraries
configure:14129: result: yes
configure:14270: checking dynamic linker characteristics
configure:14938: result: GNU/Linux ld.so
configure:14991: checking how to hardcode library paths into programs
configure:15016: result: immediate
configure:15200: checking that generated files are newer than configure
configure:15206: result: done
configure:15233: creating ./config.status

## ---------------------- ##
## Running config.status. ##
## ---------------------- ##

This file was extended by sscc config.status 0.1, which was
generated by GNU Autoconf 2.69.  Invocation command line was

  CONFIG_FILES    = 
  CONFIG_HEADERS  = 
  CONFIG_LINKS    = 
  CONFIG_COMMANDS = 
  $ ./config.status 

on tanlei

config.status:1144: creating Makefile
config.status:1144: creating config.h
config.status:1325: config.h is unchanged
config.status:1373: executing depfiles commands
config.status:1373: executing libtool commands
configure:17788: === configuring in ../libgx (/home/tanlei/learning/deps/sscc/../libgx)
configure:17851: running /bin/bash ./configure --disable-option-checking '--prefix=/home/tanlei/learning/deps/bin'  --cache-file=/dev/null --srcdir=.

## ---------------- ##
## Cache variables. ##
## ---------------- ##

ac_cv_build=x86_64-unknown-linux-gnu
ac_cv_c_compiler_gnu=yes
ac_cv_cxx_compiler_gnu=yes
ac_cv_env_CCC_set=
ac_cv_env_CCC_value=
ac_cv_env_CC_set=
ac_cv_env_CC_value=
ac_cv_env_CFLAGS_set=
ac_cv_env_CFLAGS_value=
ac_cv_env_CPPFLAGS_set=
ac_cv_env_CPPFLAGS_value=
ac_cv_env_CPP_set=
ac_cv_env_CPP_value=
ac_cv_env_CXXCPP_set=
ac_cv_env_CXXCPP_value=
ac_cv_env_CXXFLAGS_set=
ac_cv_env_CXXFLAGS_value=
ac_cv_env_CXX_set=
ac_cv_env_CXX_value=
ac_cv_env_LDFLAGS_set=
ac_cv_env_LDFLAGS_value=
ac_cv_env_LIBS_set=
ac_cv_env_LIBS_value=
ac_cv_env_build_alias_set=
ac_cv_env_build_alias_value=
ac_cv_env_host_alias_set=
ac_cv_env_host_alias_value=
ac_cv_env_target_alias_set=
ac_cv_env_target_alias_value=
ac_cv_header_dlfcn_h=yes
ac_cv_header_inttypes_h=yes
ac_cv_header_memory_h=yes
ac_cv_header_stdc=yes
ac_cv_header_stdint_h=yes
ac_cv_header_stdlib_h=yes
ac_cv_header_string_h=yes
ac_cv_header_strings_h=yes
ac_cv_header_sys_stat_h=yes
ac_cv_header_sys_types_h=yes
ac_cv_header_unistd_h=yes
ac_cv_host=x86_64-unknown-linux-gnu
ac_cv_objext=o
ac_cv_path_EGREP='/bin/grep -E'
ac_cv_path_FGREP='/bin/grep -F'
ac_cv_path_GREP=/bin/grep
ac_cv_path_SED=/bin/sed
ac_cv_path_install='/usr/bin/install -c'
ac_cv_path_mkdir=/bin/mkdir
ac_cv_prog_AWK=mawk
ac_cv_prog_CPP='gcc -E'
ac_cv_prog_CXXCPP='g++ -E'
ac_cv_prog_ac_ct_AR=ar
ac_cv_prog_ac_ct_CC=gcc
ac_cv_prog_ac_ct_CXX=g++
ac_cv_prog_ac_ct_MANIFEST_TOOL=mt
ac_cv_prog_ac_ct_OBJDUMP=objdump
ac_cv_prog_ac_ct_RANLIB=ranlib
ac_cv_prog_ac_ct_STRIP=strip
ac_cv_prog_cc_c89=
ac_cv_prog_cc_g=yes
ac_cv_prog_cxx_g=yes
ac_cv_prog_make_make_set=yes
am_cv_CC_dependencies_compiler_type=gcc3
am_cv_CXX_dependencies_compiler_type=gcc3
am_cv_make_support_nested_variables=yes
am_cv_prog_cc_c_o=yes
lt_cv_ar_at_file=@
lt_cv_archive_cmds_need_lc=no
lt_cv_deplibs_check_method=pass_all
lt_cv_file_magic_cmd='$MAGIC_CMD'
lt_cv_file_magic_test_file=
lt_cv_ld_reload_flag=-r
lt_cv_nm_interface='BSD nm'
lt_cv_objdir=.libs
lt_cv_path_LD=/usr/bin/ld
lt_cv_path_LDCXX='/usr/bin/ld -m elf_x86_64'
lt_cv_path_NM='/usr/bin/nm -B'
lt_cv_path_mainfest_tool=no
lt_cv_prog_compiler_c_o=yes
lt_cv_prog_compiler_c_o_CXX=yes
lt_cv_prog_compiler_pic='-fPIC -DPIC'
lt_cv_prog_compiler_pic_CXX='-fPIC -DPIC'
lt_cv_prog_compiler_pic_works=yes
lt_cv_prog_compiler_pic_works_CXX=yes
lt_cv_prog_compiler_rtti_exceptions=no
lt_cv_prog_compiler_static_works=yes
lt_cv_prog_compiler_static_works_CXX=yes
lt_cv_prog_gnu_ld=yes
lt_cv_prog_gnu_ldcxx=yes
lt_cv_sharedlib_from_linklib_cmd='printf %s\n'
lt_cv_shlibpath_overrides_runpath=no
lt_cv_sys_global_symbol_pipe='sed -n -e '\''s/^.*[	 ]\([ABCDGIRSTW][ABCDGIRSTW]*\)[	 ][	 ]*\([_A-Za-z][_A-Za-z0-9]*\)$/\1 \2 \2/p'\'' | sed '\''/ __gnu_lto/d'\'''
lt_cv_sys_global_symbol_to_c_name_address='sed -n -e '\''s/^: \([^ ]*\)[ ]*$/  {\"\1\", (void *) 0},/p'\'' -e '\''s/^[ABCDGIRSTW]* \([^ ]*\) \([^ ]*\)$/  {"\2", (void *) \&\2},/p'\'''
lt_cv_sys_global_symbol_to_c_name_address_lib_prefix='sed -n -e '\''s/^: \([^ ]*\)[ ]*$/  {\"\1\", (void *) 0},/p'\'' -e '\''s/^[ABCDGIRSTW]* \([^ ]*\) \(lib[^ ]*\)$/  {"\2", (void *) \&\2},/p'\'' -e '\''s/^[ABCDGIRSTW]* \([^ ]*\) \([^ ]*\)$/  {"lib\2", (void *) \&\2},/p'\'''
lt_cv_sys_global_symbol_to_cdecl='sed -n -e '\''s/^T .* \(.*\)$/extern int \1();/p'\'' -e '\''s/^[ABCDGIRSTW]* .* \(.*\)$/extern char \1;/p'\'''
lt_cv_sys_max_cmd_len=1572864
lt_cv_to_host_file_cmd=func_convert_file_noop
lt_cv_to_tool_file_cmd=func_convert_file_noop

## ----------------- ##
## Output variables. ##
## ----------------- ##

ACLOCAL='${SHELL} /home/tanlei/learning/deps/sscc/missing aclocal-1.14'
AMDEPBACKSLASH='\'
AMDEP_FALSE='#'
AMDEP_TRUE=''
AMTAR='$${TAR-tar}'
AM_BACKSLASH='\'
AM_DEFAULT_V='$(AM_DEFAULT_VERBOSITY)'
AM_DEFAULT_VERBOSITY='1'
AM_V='$(V)'
AR='ar'
AUTOCONF='${SHELL} /home/tanlei/learning/deps/sscc/missing autoconf'
AUTOHEADER='${SHELL} /home/tanlei/learning/deps/sscc/missing autoheader'
AUTOMAKE='${SHELL} /home/tanlei/learning/deps/sscc/missing automake-1.14'
AWK='mawk'
CC='gcc'
CCDEPMODE='depmode=gcc3'
CFLAGS='-g -O2'
CPP='gcc -E'
CPPFLAGS=''
CXX='g++'
CXXCPP='g++ -E'
CXXDEPMODE='depmode=gcc3'
CXXFLAGS='-g -O2 -std=c++11 -O2 -Wall -I. -I..  -I/usr/local/include/luajit-2.0 -D__GX_SERVER__'
CYGPATH_W='echo'
DEFS='-DHAVE_CONFIG_H'
DEPDIR='.deps'
DLLTOOL='false'
DSYMUTIL=''
DUMPBIN=''
ECHO_C=''
ECHO_N='-n'
ECHO_T=''
EGREP='/bin/grep -E'
EXEEXT=''
FGREP='/bin/grep -F'
GREP='/bin/grep'
INSTALL_DATA='${INSTALL} -m 644'
INSTALL_PROGRAM='${INSTALL}'
INSTALL_SCRIPT='${INSTALL}'
INSTALL_STRIP_PROGRAM='$(install_sh) -c -s'
LD='/usr/bin/ld -m elf_x86_64'
LDFLAGS=' -L../libgx -lluajit-5.1 -lrt -lm -ldl -lz -lmysqlclient'
LIBOBJS=''
LIBS=''
LIBTOOL='$(SHELL) $(top_builddir)/libtool'
LIPO=''
LN_S='ln -s'
LTLIBOBJS=''
MAKEINFO='${SHELL} /home/tanlei/learning/deps/sscc/missing makeinfo'
MANIFEST_TOOL=':'
MKDIR_P='/bin/mkdir -p'
NM='/usr/bin/nm -B'
NMEDIT=''
OBJDUMP='objdump'
OBJEXT='o'
OTOOL64=''
OTOOL=''
PACKAGE='sscc'
PACKAGE_BUGREPORT=''
PACKAGE_NAME='sscc'
PACKAGE_STRING='sscc 0.1'
PACKAGE_TARNAME='sscc'
PACKAGE_URL=''
PACKAGE_VERSION='0.1'
PATH_SEPARATOR=':'
RANLIB='ranlib'
SED='/bin/sed'
SET_MAKE=''
SHELL='/bin/bash'
STRIP='strip'
VERSION='0.1'
ac_ct_AR='ar'
ac_ct_CC='gcc'
ac_ct_CXX='g++'
ac_ct_DUMPBIN=''
am__EXEEXT_FALSE=''
am__EXEEXT_TRUE='#'
am__fastdepCC_FALSE='#'
am__fastdepCC_TRUE=''
am__fastdepCXX_FALSE='#'
am__fastdepCXX_TRUE=''
am__include='include'
am__isrc=''
am__leading_dot='.'
am__nodep='_no'
am__quote=''
am__tar='$${TAR-tar} chof - "$$tardir"'
am__untar='$${TAR-tar} xf -'
bindir='${exec_prefix}/bin'
build='x86_64-unknown-linux-gnu'
build_alias=''
build_cpu='x86_64'
build_os='linux-gnu'
build_vendor='unknown'
datadir='${datarootdir}'
datarootdir='${prefix}/share'
docdir='${datarootdir}/doc/${PACKAGE_TARNAME}'
dvidir='${docdir}'
exec_prefix='${prefix}'
host='x86_64-unknown-linux-gnu'
host_alias=''
host_cpu='x86_64'
host_os='linux-gnu'
host_vendor='unknown'
htmldir='${docdir}'
includedir='${prefix}/include'
infodir='${datarootdir}/info'
install_sh='${SHELL} /home/tanlei/learning/deps/sscc/install-sh'
libdir='${exec_prefix}/lib'
libexecdir='${exec_prefix}/libexec'
localedir='${datarootdir}/locale'
localstatedir='${prefix}/var'
mandir='${datarootdir}/man'
mkdir_p='$(MKDIR_P)'
oldincludedir='/usr/include'
pdfdir='${docdir}'
prefix='/home/tanlei/learning/deps/bin'
program_transform_name='s,x,x,'
psdir='${docdir}'
sbindir='${exec_prefix}/sbin'
sharedstatedir='${prefix}/com'
subdirs=' ../libgx'
sysconfdir='${prefix}/etc'
target_alias=''

## ----------- ##
## confdefs.h. ##
## ----------- ##

/* confdefs.h */
#define PACKAGE_NAME "sscc"
#define PACKAGE_TARNAME "sscc"
#define PACKAGE_VERSION "0.1"
#define PACKAGE_STRING "sscc 0.1"
#define PACKAGE_BUGREPORT ""
#define PACKAGE_URL ""
#define PACKAGE "sscc"
#define VERSION "0.1"
#define STDC_HEADERS 1
#define HAVE_SYS_TYPES_H 1
#define HAVE_SYS_STAT_H 1
#define HAVE_STDLIB_H 1
#define HAVE_STRING_H 1
#define HAVE_MEMORY_H 1
#define HAVE_STRINGS_H 1
#define HAVE_INTTYPES_H 1
#define HAVE_STDINT_H 1
#define HAVE_UNISTD_H 1
#define HAVE_DLFCN_H 1
#define LT_OBJDIR ".libs/"

configure: exit 0
